Arguments: 
  C:\Program Files\nodejs\node.exe C:\Users\01\AppData\Roaming\npm\node_modules\yarn\bin\yarn.js dev

PATH: 
  C:\Users\01\bin;C:\Program Files\Git\mingw64\bin;C:\Program Files\Git\usr\local\bin;C:\Program Files\Git\usr\bin;C:\Program Files\Git\usr\bin;C:\Program Files\Git\mingw64\bin;C:\Program Files\Git\usr\bin;C:\Users\01\bin;C:\Python310\Scripts;C:\Python310;C:\Python38\Scripts;C:\Python38;C:\ProgramData\Oracle\Java\javapath;C:\Program Files\Common Files\Oracle\Java\javapath;C:\Program Files\Eclipse Foundation\jdk-11.0.12.7-hotspot\bin;C:\Program Files (x86)\Common Files\Intel\Shared Libraries\redist\intel64\compiler;C:\Program Files (x86)\Common Files\Oracle\Java\javapath;C:\WINDOWS\system32;C:\WINDOWS;C:\WINDOWS\System32\Wbem;C:\WINDOWS\System32\WindowsPowerShell\v1.0;C:\WINDOWS\System32\OpenSSH;C:\Program Files\MongoDB\Server\4.4\bin;C:\TDM-GCC-64\bin;C:\flutter;C:\ProgramData\UNIVALI\Portugol Studio;C:\Program Files\Java\jdk1.8.0_111\bin;C:\Program Files (x86)\QuickTime\QTSystem;C:\Program Files\dotnet;C:\Program Files\Microsoft SQL Server\150\Tools\Binn;C:\Program Files\Microsoft SQL Server\Client SDK\ODBC\170\Tools\Binn;C:\Program Files\Git\cmd;C:\Program Files\nodejs;C:\ProgramData\chocolatey\bin;C:\Program Files\Go\bin;C:\Users\01\AppData\Local\Microsoft\WindowsApps;C:\Users\01\AppData\Local\Programs\Microsoft VS Code\bin;C:\Program Files (x86)\Nmap;C:\Users\01\.dotnet\tools;C:\Users\01\AppData\Roaming\npm;C:\Users\01\go\bin;C:\Program Files\Git\usr\bin\vendor_perl;C:\Program Files\Git\usr\bin\core_perl

Yarn version: 
  1.22.10

Node version: 
  16.17.0

Platform: 
  win32 x64

Trace: 
  SyntaxError: C:\Users\01\www\e-sports\server\package.json: Unexpected token / in JSON at position 172
      at JSON.parse (<anonymous>)
      at C:\Users\01\AppData\Roaming\npm\node_modules\yarn\lib\cli.js:1625:59
      at Generator.next (<anonymous>)
      at step (C:\Users\01\AppData\Roaming\npm\node_modules\yarn\lib\cli.js:310:30)
      at C:\Users\01\AppData\Roaming\npm\node_modules\yarn\lib\cli.js:321:13

npm manifest: 
  {
    "name": "server",
    "version": "1.0.0",
    "description": "",
    "main": "src/server.js",
    "scripts": {
      "build": "tsc",
      "dev": "tsnd --exit-child src/server.ts" // --exit-child is used to restart the server when a file is changed.
    },
    "keywords": [],
    "author": "",
    "license": "ISC",
    "dependencies": {
      "@prisma/client": "^4.4.0",
      "express": "^4.18.1"
    },
    "devDependencies": {
      "@types/express": "^4.17.13",
      "prisma": "^4.4.0",
      "ts-node-dev": "^2.0.0",
      "typescript": "^4.8.3"
    }
  }

yarn manifest: 
  No manifest

Lockfile: 
  No lockfile
